 Time:   20.327601999999999     
   1.4435499909900944E-008    29754655
   3.5623088487336200E-008    28224658
   4.0745362648913954E-008     9777799
   5.3085386765442180E-008    32289319
   8.0093741435579430E-008    32656257
   9.4063580058064214E-008    40177563
   1.2549571695865498E-007    27706493
   1.4575198296125792E-007    29265191
   1.6740523282610933E-007    12087097
   2.1001324062468792E-007    38894088
 Time:  0.12636599999999731     
   1.4435499909900944E-008
   3.5623088487336200E-008
   4.0745362648913954E-008
   5.3085386765442180E-008
   8.0093741435579430E-008
   9.4063580058064214E-008
   1.2549571695865498E-007
   1.4575198296125792E-007
   1.6740523282610933E-007
   2.1001324062468792E-007
 Time:   5.0687629999999970     
   1.4435499909900944E-008    33502084
   3.5623088487336200E-008    46923188
   4.0745362648913954E-008     7105332
   5.3085386765442180E-008    47684879
   8.0093741435579430E-008    34904207
   9.4063580058064214E-008    39448587
   1.2549571695865498E-007     8478180
   1.4575198296125792E-007    25920265
   1.6740523282610933E-007    45443760
   2.1001324062468792E-007    42601813
 Time:   19.131657999999998     
  0.81991779846602997         29754655   1.4435499909900944E-008
  0.42949849377141763         28224658   3.5623088487336200E-008
  0.15750669016444746          9777799   4.0745362648913954E-008
  0.20541972718327767         32289319   5.3085386765442180E-008
  0.48643292381577963         32656257   8.0093741435579430E-008
  0.20948681566153812         40177563   9.4063580058064214E-008
  0.21663948037117708         27706493   1.2549571695865498E-007
  0.93677155509050269         29265191   1.4575198296125792E-007
  0.85508534262308045         12087097   1.6740523282610933E-007
  0.96471084700075693         38894088   2.1001324062468792E-007
